<?xml version="1.0" encoding="UTF-8"?>
<!-- Generated by org.testng.reporters.JUnitXMLReporter -->
<testsuite ignored="0" hostname="PBAN21023" failures="1" tests="1" name="Test" time="0.055" errors="0" timestamp="2023-07-19T15:26:17 CST">
  <testcase classname="LegalModule.E_14_01_Legal_Order_Add_a_Legal_Order" name="Delete" time="0.0">
    <failure type="org.testng.TestNGException" message="
Cannot inject @Test annotated Method [Delete] with [class [Ljava.lang.String;].
For more information on native dependency injection please refer to http://testng.org/doc/documentation-main.html#native-dependency-injection">
      <![CDATA[org.testng.TestNGException: 
Cannot inject @Test annotated Method [Delete] with [class [Ljava.lang.String;].
For more information on native dependency injection please refer to http://testng.org/doc/documentation-main.html#native-dependency-injection
at java.base/java.util.ArrayList.forEach(ArrayList.java:1511)
... Removed 26 stack frames]]>
    </failure>
  </testcase> <!-- Delete -->
</testsuite> <!-- Test -->
